Analysis & Synthesis report for lab6
Mon Dec  2 15:45:57 2024
Quartus II 32-bit Version 13.0.1 Build 232 06/12/2013 Service Pack 1 SJ Full Version


---------------------
; Table of Contents ;
---------------------
  1. Legal Notice
  2. Analysis & Synthesis Summary
  3. Analysis & Synthesis Settings
  4. Parallel Compilation
  5. Analysis & Synthesis Source Files Read
  6. Analysis & Synthesis Resource Usage Summary
  7. Analysis & Synthesis Resource Utilization by Entity
  8. State Machine - |PROBLEM_2|machine:inst3|yfsm
  9. Registers Removed During Synthesis
 10. General Register Statistics
 11. Elapsed Time Per Partition
 12. Analysis & Synthesis Messages



----------------
; Legal Notice ;
----------------
Copyright (C) 1991-2013 Altera Corporation
Your use of Altera Corporation's design tools, logic functions 
and other software and tools, and its AMPP partner logic 
functions, and any output files from any of the foregoing 
(including device programming or simulation files), and any 
associated documentation or information are expressly subject 
to the terms and conditions of the Altera Program License 
Subscription Agreement, Altera MegaCore Function License 
Agreement, or other applicable license agreement, including, 
without limitation, that your use is for the sole purpose of 
programming logic devices manufactured by Altera and sold by 
Altera or its authorized distributors.  Please refer to the 
applicable agreement for further details.



+---------------------------------------------------------------------------------------+
; Analysis & Synthesis Summary                                                          ;
+------------------------------------+--------------------------------------------------+
; Analysis & Synthesis Status        ; Successful - Mon Dec  2 15:45:57 2024            ;
; Quartus II 32-bit Version          ; 13.0.1 Build 232 06/12/2013 SP 1 SJ Full Version ;
; Revision Name                      ; lab6                                             ;
; Top-level Entity Name              ; PROBLEM_2                                        ;
; Family                             ; Cyclone II                                       ;
; Total logic elements               ; 53                                               ;
;     Total combinational functions  ; 53                                               ;
;     Dedicated logic registers      ; 16                                               ;
; Total registers                    ; 16                                               ;
; Total pins                         ; 66                                               ;
; Total virtual pins                 ; 0                                                ;
; Total memory bits                  ; 0                                                ;
; Embedded Multiplier 9-bit elements ; 0                                                ;
; Total PLLs                         ; 0                                                ;
+------------------------------------+--------------------------------------------------+


+----------------------------------------------------------------------------------------------------------------------+
; Analysis & Synthesis Settings                                                                                        ;
+----------------------------------------------------------------------------+--------------------+--------------------+
; Option                                                                     ; Setting            ; Default Value      ;
+----------------------------------------------------------------------------+--------------------+--------------------+
; Device                                                                     ; EP2C35F672C6       ;                    ;
; Top-level entity name                                                      ; PROBLEM_2          ; lab6               ;
; Family name                                                                ; Cyclone II         ; Cyclone IV GX      ;
; Use smart compilation                                                      ; Off                ; Off                ;
; Enable parallel Assembler and TimeQuest Timing Analyzer during compilation ; On                 ; On                 ;
; Enable compact report table                                                ; Off                ; Off                ;
; Restructure Multiplexers                                                   ; Auto               ; Auto               ;
; Create Debugging Nodes for IP Cores                                        ; Off                ; Off                ;
; Preserve fewer node names                                                  ; On                 ; On                 ;
; Disable OpenCore Plus hardware evaluation                                  ; Off                ; Off                ;
; Verilog Version                                                            ; Verilog_2001       ; Verilog_2001       ;
; VHDL Version                                                               ; VHDL_1993          ; VHDL_1993          ;
; State Machine Processing                                                   ; Auto               ; Auto               ;
; Safe State Machine                                                         ; Off                ; Off                ;
; Extract Verilog State Machines                                             ; On                 ; On                 ;
; Extract VHDL State Machines                                                ; On                 ; On                 ;
; Ignore Verilog initial constructs                                          ; Off                ; Off                ;
; Iteration limit for constant Verilog loops                                 ; 5000               ; 5000               ;
; Iteration limit for non-constant Verilog loops                             ; 250                ; 250                ;
; Add Pass-Through Logic to Inferred RAMs                                    ; On                 ; On                 ;
; Infer RAMs from Raw Logic                                                  ; On                 ; On                 ;
; Parallel Synthesis                                                         ; On                 ; On                 ;
; DSP Block Balancing                                                        ; Auto               ; Auto               ;
; NOT Gate Push-Back                                                         ; On                 ; On                 ;
; Power-Up Don't Care                                                        ; On                 ; On                 ;
; Remove Redundant Logic Cells                                               ; Off                ; Off                ;
; Remove Duplicate Registers                                                 ; On                 ; On                 ;
; Ignore CARRY Buffers                                                       ; Off                ; Off                ;
; Ignore CASCADE Buffers                                                     ; Off                ; Off                ;
; Ignore GLOBAL Buffers                                                      ; Off                ; Off                ;
; Ignore ROW GLOBAL Buffers                                                  ; Off                ; Off                ;
; Ignore LCELL Buffers                                                       ; Off                ; Off                ;
; Ignore SOFT Buffers                                                        ; On                 ; On                 ;
; Limit AHDL Integers to 32 Bits                                             ; Off                ; Off                ;
; Optimization Technique                                                     ; Balanced           ; Balanced           ;
; Carry Chain Length                                                         ; 70                 ; 70                 ;
; Auto Carry Chains                                                          ; On                 ; On                 ;
; Auto Open-Drain Pins                                                       ; On                 ; On                 ;
; Perform WYSIWYG Primitive Resynthesis                                      ; Off                ; Off                ;
; Auto ROM Replacement                                                       ; On                 ; On                 ;
; Auto RAM Replacement                                                       ; On                 ; On                 ;
; Auto Shift Register Replacement                                            ; Auto               ; Auto               ;
; Allow Shift Register Merging across Hierarchies                            ; Auto               ; Auto               ;
; Auto Clock Enable Replacement                                              ; On                 ; On                 ;
; Strict RAM Replacement                                                     ; Off                ; Off                ;
; Allow Synchronous Control Signals                                          ; On                 ; On                 ;
; Force Use of Synchronous Clear Signals                                     ; Off                ; Off                ;
; Auto RAM to Logic Cell Conversion                                          ; Off                ; Off                ;
; Auto Resource Sharing                                                      ; Off                ; Off                ;
; Allow Any RAM Size For Recognition                                         ; Off                ; Off                ;
; Allow Any ROM Size For Recognition                                         ; Off                ; Off                ;
; Allow Any Shift Register Size For Recognition                              ; Off                ; Off                ;
; Use LogicLock Constraints during Resource Balancing                        ; On                 ; On                 ;
; Ignore translate_off and synthesis_off directives                          ; Off                ; Off                ;
; Timing-Driven Synthesis                                                    ; Off                ; Off                ;
; Report Parameter Settings                                                  ; On                 ; On                 ;
; Report Source Assignments                                                  ; On                 ; On                 ;
; Report Connectivity Checks                                                 ; On                 ; On                 ;
; Ignore Maximum Fan-Out Assignments                                         ; Off                ; Off                ;
; Synchronization Register Chain Length                                      ; 2                  ; 2                  ;
; PowerPlay Power Optimization                                               ; Normal compilation ; Normal compilation ;
; HDL message level                                                          ; Level2             ; Level2             ;
; Suppress Register Optimization Related Messages                            ; Off                ; Off                ;
; Number of Removed Registers Reported in Synthesis Report                   ; 5000               ; 5000               ;
; Number of Swept Nodes Reported in Synthesis Report                         ; 5000               ; 5000               ;
; Number of Inverted Registers Reported in Synthesis Report                  ; 100                ; 100                ;
; Clock MUX Protection                                                       ; On                 ; On                 ;
; Auto Gated Clock Conversion                                                ; Off                ; Off                ;
; Block Design Naming                                                        ; Auto               ; Auto               ;
; SDC constraint protection                                                  ; Off                ; Off                ;
; Synthesis Effort                                                           ; Auto               ; Auto               ;
; Shift Register Replacement - Allow Asynchronous Clear Signal               ; On                 ; On                 ;
; Pre-Mapping Resynthesis Optimization                                       ; Off                ; Off                ;
; Analysis & Synthesis Message Level                                         ; Medium             ; Medium             ;
; Disable Register Merging Across Hierarchies                                ; Auto               ; Auto               ;
; Resource Aware Inference For Block RAM                                     ; On                 ; On                 ;
; Synthesis Seed                                                             ; 1                  ; 1                  ;
+----------------------------------------------------------------------------+--------------------+--------------------+


+------------------------------------------+
; Parallel Compilation                     ;
+----------------------------+-------------+
; Processors                 ; Number      ;
+----------------------------+-------------+
; Number detected on machine ; 8           ;
; Maximum allowed            ; 4           ;
;                            ;             ;
; Average used               ; 1.00        ;
; Maximum used               ; 1           ;
;                            ;             ;
; Usage by Processor         ; % Time Used ;
;     Processor 1            ; 100.0%      ;
;     Processors 2-8         ;   0.0%      ;
+----------------------------+-------------+


+----------------------------------------------------------------------------------------------------------------------------------------------------------------------------+
; Analysis & Synthesis Source Files Read                                                                                                                                     ;
+----------------------------------+-----------------+------------------------------------+------------------------------------------------------------------------+---------+
; File Name with User-Entered Path ; Used in Netlist ; File Type                          ; File Name with Absolute Path                                           ; Library ;
+----------------------------------+-----------------+------------------------------------+------------------------------------------------------------------------+---------+
; ALU_2.vhd                        ; yes             ; User VHDL File                     ; /home/student2/s27begum/Desktop/Projects/lab6finalfinal/ALU_2.vhd      ;         ;
; DECODER.vhd                      ; yes             ; User VHDL File                     ; /home/student2/s27begum/Desktop/Projects/lab6finalfinal/DECODER.vhd    ;         ;
; FSM.vhd                          ; yes             ; User VHDL File                     ; /home/student2/s27begum/Desktop/Projects/lab6finalfinal/FSM.vhd        ;         ;
; REGISTER12.vhd                   ; yes             ; User VHDL File                     ; /home/student2/s27begum/Desktop/Projects/lab6finalfinal/REGISTER12.vhd ;         ;
; REGISTER64.vhd                   ; yes             ; User VHDL File                     ; /home/student2/s27begum/Desktop/Projects/lab6finalfinal/REGISTER64.vhd ;         ;
; SSEGID.vhd                       ; yes             ; User VHDL File                     ; /home/student2/s27begum/Desktop/Projects/lab6finalfinal/SSEGID.vhd     ;         ;
; SSEGREG.vhd                      ; yes             ; User VHDL File                     ; /home/student2/s27begum/Desktop/Projects/lab6finalfinal/SSEGREG.vhd    ;         ;
; PROBLEM_2.bdf                    ; yes             ; User Block Diagram/Schematic File  ; /home/student2/s27begum/Desktop/Projects/lab6finalfinal/PROBLEM_2.bdf  ;         ;
+----------------------------------+-----------------+------------------------------------+------------------------------------------------------------------------+---------+


+------------------------------------------------------+
; Analysis & Synthesis Resource Usage Summary          ;
+---------------------------------------------+--------+
; Resource                                    ; Usage  ;
+---------------------------------------------+--------+
; Estimated Total logic elements              ; 53     ;
;                                             ;        ;
; Total combinational functions               ; 53     ;
; Logic element usage by number of LUT inputs ;        ;
;     -- 4 input functions                    ; 18     ;
;     -- 3 input functions                    ; 32     ;
;     -- <=2 input functions                  ; 3      ;
;                                             ;        ;
; Logic elements by mode                      ;        ;
;     -- normal mode                          ; 53     ;
;     -- arithmetic mode                      ; 0      ;
;                                             ;        ;
; Total registers                             ; 16     ;
;     -- Dedicated logic registers            ; 16     ;
;     -- I/O registers                        ; 0      ;
;                                             ;        ;
; I/O pins                                    ; 66     ;
; Embedded Multiplier 9-bit elements          ; 0      ;
; Maximum fan-out node                        ; enable ;
; Maximum fan-out                             ; 16     ;
; Total fan-out                               ; 251    ;
; Average fan-out                             ; 1.86   ;
+---------------------------------------------+--------+


+-----------------------------------------------------------------------------------------------------------------------------------------------------------------------------------+
; Analysis & Synthesis Resource Utilization by Entity                                                                                                                               ;
+----------------------------+-------------------+--------------+-------------+--------------+---------+-----------+------+--------------+---------------------------+--------------+
; Compilation Hierarchy Node ; LC Combinationals ; LC Registers ; Memory Bits ; DSP Elements ; DSP 9x9 ; DSP 18x18 ; Pins ; Virtual Pins ; Full Hierarchy Name       ; Library Name ;
+----------------------------+-------------------+--------------+-------------+--------------+---------+-----------+------+--------------+---------------------------+--------------+
; |PROBLEM_2                 ; 53 (0)            ; 16 (0)       ; 0           ; 0            ; 0       ; 0         ; 66   ; 0            ; |PROBLEM_2                ; work         ;
;    |ALU_unit2:inst|        ; 10 (10)           ; 8 (8)        ; 0           ; 0            ; 0       ; 0         ; 0    ; 0            ; |PROBLEM_2|ALU_unit2:inst ; work         ;
;    |decod:inst4|           ; 8 (8)             ; 0 (0)        ; 0           ; 0            ; 0       ; 0         ; 0    ; 0            ; |PROBLEM_2|decod:inst4    ; work         ;
;    |machine:inst3|         ; 12 (12)           ; 8 (8)        ; 0           ; 0            ; 0       ; 0         ; 0    ; 0            ; |PROBLEM_2|machine:inst3  ; work         ;
;    |sseg_id:inst5|         ; 9 (9)             ; 0 (0)        ; 0           ; 0            ; 0       ; 0         ; 0    ; 0            ; |PROBLEM_2|sseg_id:inst5  ; work         ;
;    |sseg_reg:inst6|        ; 7 (7)             ; 0 (0)        ; 0           ; 0            ; 0       ; 0         ; 0    ; 0            ; |PROBLEM_2|sseg_reg:inst6 ; work         ;
;    |sseg_reg:inst7|        ; 7 (7)             ; 0 (0)        ; 0           ; 0            ; 0       ; 0         ; 0    ; 0            ; |PROBLEM_2|sseg_reg:inst7 ; work         ;
+----------------------------+-------------------+--------------+-------------+--------------+---------+-----------+------+--------------+---------------------------+--------------+
Note: For table entries with two numbers listed, the numbers in parentheses indicate the number of resources of the given type used by the specific entity alone. The numbers listed outside of parentheses indicate the total resources of the given type used by the specific entity and all of its sub-entities in the hierarchy.


Encoding Type:  One-Hot
+-----------------------------------------------------------------------------------------+
; State Machine - |PROBLEM_2|machine:inst3|yfsm                                           ;
+---------+---------+---------+---------+---------+---------+---------+---------+---------+
; Name    ; yfsm.s7 ; yfsm.s6 ; yfsm.s5 ; yfsm.s4 ; yfsm.s3 ; yfsm.s2 ; yfsm.s1 ; yfsm.s0 ;
+---------+---------+---------+---------+---------+---------+---------+---------+---------+
; yfsm.s0 ; 0       ; 0       ; 0       ; 0       ; 0       ; 0       ; 0       ; 0       ;
; yfsm.s1 ; 0       ; 0       ; 0       ; 0       ; 0       ; 0       ; 1       ; 1       ;
; yfsm.s2 ; 0       ; 0       ; 0       ; 0       ; 0       ; 1       ; 0       ; 1       ;
; yfsm.s3 ; 0       ; 0       ; 0       ; 0       ; 1       ; 0       ; 0       ; 1       ;
; yfsm.s4 ; 0       ; 0       ; 0       ; 1       ; 0       ; 0       ; 0       ; 1       ;
; yfsm.s5 ; 0       ; 0       ; 1       ; 0       ; 0       ; 0       ; 0       ; 1       ;
; yfsm.s6 ; 0       ; 1       ; 0       ; 0       ; 0       ; 0       ; 0       ; 1       ;
; yfsm.s7 ; 1       ; 0       ; 0       ; 0       ; 0       ; 0       ; 0       ; 1       ;
+---------+---------+---------+---------+---------+---------+---------+---------+---------+


+---------------------------------------------------------------------------------+
; Registers Removed During Synthesis                                              ;
+----------------------------------------+----------------------------------------+
; Register name                          ; Reason for Removal                     ;
+----------------------------------------+----------------------------------------+
; reg_unit2:inst2|data_out[7]            ; Stuck at GND due to stuck port data_in ;
; reg_unit2:inst2|data_out[5,6]          ; Stuck at VCC due to stuck port data_in ;
; reg_unit2:inst2|data_out[3,4]          ; Stuck at GND due to stuck port data_in ;
; reg_unit2:inst2|data_out[2]            ; Stuck at VCC due to stuck port data_in ;
; reg_unit2:inst2|data_out[0,1]          ; Stuck at GND due to stuck port data_in ;
; reg_unit:inst1|data_out[5..7]          ; Stuck at GND due to stuck port data_in ;
; reg_unit:inst1|data_out[4]             ; Stuck at VCC due to stuck port data_in ;
; reg_unit:inst1|data_out[2,3]           ; Stuck at GND due to stuck port data_in ;
; reg_unit:inst1|data_out[1]             ; Stuck at VCC due to stuck port data_in ;
; reg_unit:inst1|data_out[0]             ; Stuck at GND due to stuck port data_in ;
; Total Number of Removed Registers = 16 ;                                        ;
+----------------------------------------+----------------------------------------+


+------------------------------------------------------+
; General Register Statistics                          ;
+----------------------------------------------+-------+
; Statistic                                    ; Value ;
+----------------------------------------------+-------+
; Total registers                              ; 16    ;
; Number of registers using Synchronous Clear  ; 4     ;
; Number of registers using Synchronous Load   ; 0     ;
; Number of registers using Asynchronous Clear ; 0     ;
; Number of registers using Asynchronous Load  ; 0     ;
; Number of registers using Clock Enable       ; 0     ;
; Number of registers using Preset             ; 0     ;
+----------------------------------------------+-------+


+-------------------------------+
; Elapsed Time Per Partition    ;
+----------------+--------------+
; Partition Name ; Elapsed Time ;
+----------------+--------------+
; Top            ; 00:00:00     ;
+----------------+--------------+


+-------------------------------+
; Analysis & Synthesis Messages ;
+-------------------------------+
Info: *******************************************************************
Info: Running Quartus II 32-bit Analysis & Synthesis
    Info: Version 13.0.1 Build 232 06/12/2013 Service Pack 1 SJ Full Version
    Info: Processing started: Mon Dec  2 15:45:53 2024
Info: Command: quartus_map --read_settings_files=on --write_settings_files=off lab6 -c lab6
Info (11104): Parallel Compilation has detected 8 hyper-threaded processors. However, the extra hyper-threaded processors will not be used by default. Parallel Compilation will use 4 of the 4 physical processors detected instead.
Info (12021): Found 2 design units, including 1 entities, in source file ALU_1.vhd
    Info (12022): Found design unit 1: ALU_unit-calculation
    Info (12023): Found entity 1: ALU_unit
Info (12021): Found 2 design units, including 1 entities, in source file ALU_2.vhd
    Info (12022): Found design unit 1: ALU_unit2-calculation
    Info (12023): Found entity 1: ALU_unit2
Info (12021): Found 2 design units, including 1 entities, in source file ALU_3.vhd
    Info (12022): Found design unit 1: ALU_unit3-calculation
    Info (12023): Found entity 1: ALU_unit3
Info (12021): Found 2 design units, including 1 entities, in source file DECODER.vhd
    Info (12022): Found design unit 1: decod-Behavior
    Info (12023): Found entity 1: decod
Info (12021): Found 2 design units, including 1 entities, in source file FSM.vhd
    Info (12022): Found design unit 1: machine-fsm
    Info (12023): Found entity 1: machine
Info (12021): Found 2 design units, including 1 entities, in source file REGISTER12.vhd
    Info (12022): Found design unit 1: reg_unit-Behavioral
    Info (12023): Found entity 1: reg_unit
Info (12021): Found 2 design units, including 1 entities, in source file REGISTER64.vhd
    Info (12022): Found design unit 1: reg_unit2-Behavioral
    Info (12023): Found entity 1: reg_unit2
Info (12021): Found 2 design units, including 1 entities, in source file SSEGID.vhd
    Info (12022): Found design unit 1: sseg_id-Behavior
    Info (12023): Found entity 1: sseg_id
Info (12021): Found 2 design units, including 1 entities, in source file SSEGREG.vhd
    Info (12022): Found design unit 1: sseg_reg-Behavior
    Info (12023): Found entity 1: sseg_reg
Info (12021): Found 2 design units, including 1 entities, in source file SSEG3.vhd
    Info (12022): Found design unit 1: sseg3-Behavior
    Info (12023): Found entity 1: sseg3
Info (12021): Found 1 design units, including 1 entities, in source file PROBLEM_1.bdf
    Info (12023): Found entity 1: PROBLEM_1
Info (12021): Found 1 design units, including 1 entities, in source file PROBLEM_2.bdf
    Info (12023): Found entity 1: PROBLEM_2
Info (12021): Found 1 design units, including 1 entities, in source file PROBLEM_3.bdf
    Info (12023): Found entity 1: PROBLEM_3
Info (12127): Elaborating entity "PROBLEM_2" for the top level hierarchy
Info (12128): Elaborating entity "sseg_id" for hierarchy "sseg_id:inst5"
Info (12128): Elaborating entity "machine" for hierarchy "machine:inst3"
Info (12128): Elaborating entity "sseg_reg" for hierarchy "sseg_reg:inst6"
Info (12128): Elaborating entity "ALU_unit2" for hierarchy "ALU_unit2:inst"
Info (12128): Elaborating entity "decod" for hierarchy "decod:inst4"
Info (12128): Elaborating entity "reg_unit" for hierarchy "reg_unit:inst1"
Info (12128): Elaborating entity "reg_unit2" for hierarchy "reg_unit2:inst2"
Warning (13024): Output pins are stuck at VCC or GND
    Warning (13410): Pin "id[1]" is stuck at GND
    Warning (13410): Pin "neg1[5]" is stuck at VCC
    Warning (13410): Pin "neg1[4]" is stuck at VCC
    Warning (13410): Pin "neg1[3]" is stuck at VCC
    Warning (13410): Pin "neg1[2]" is stuck at VCC
    Warning (13410): Pin "neg1[1]" is stuck at VCC
    Warning (13410): Pin "neg1[0]" is stuck at VCC
    Warning (13410): Pin "neg2[5]" is stuck at VCC
    Warning (13410): Pin "neg2[4]" is stuck at VCC
    Warning (13410): Pin "neg2[3]" is stuck at VCC
    Warning (13410): Pin "neg2[2]" is stuck at VCC
    Warning (13410): Pin "neg2[1]" is stuck at VCC
    Warning (13410): Pin "neg2[0]" is stuck at VCC
    Warning (13410): Pin "opcode[15]" is stuck at GND
    Warning (13410): Pin "opcode[14]" is stuck at GND
    Warning (13410): Pin "opcode[13]" is stuck at GND
    Warning (13410): Pin "opcode[12]" is stuck at GND
    Warning (13410): Pin "opcode[11]" is stuck at GND
    Warning (13410): Pin "opcode[10]" is stuck at GND
    Warning (13410): Pin "opcode[9]" is stuck at GND
    Warning (13410): Pin "opcode[8]" is stuck at GND
    Warning (13410): Pin "state[3]" is stuck at GND
Warning (20013): Ignored assignments for entity "lab6-3" -- entity does not exist in design
    Warning (20014): Assignment for entity set_instance_assignment -name PARTITION_HIERARCHY root_partition -to | -entity "lab6-3" -section_id Top was ignored
    Warning (20014): Assignment for entity set_global_assignment -name PARTITION_NETLIST_TYPE SOURCE -entity "lab6-3" -section_id Top was ignored
    Warning (20014): Assignment for entity set_global_assignment -name PARTITION_FITTER_PRESERVATION_LEVEL PLACEMENT_AND_ROUTING -entity "lab6-3" -section_id Top was ignored
    Warning (20014): Assignment for entity set_global_assignment -name PARTITION_PRESERVE_HIGH_SPEED_TILES ON -entity "lab6-3" -section_id Top was ignored
    Warning (20014): Assignment for entity set_global_assignment -name PARTITION_IGNORE_SOURCE_FILE_CHANGES OFF -entity "lab6-3" -section_id Top was ignored
    Warning (20014): Assignment for entity set_global_assignment -name PARTITION_ALWAYS_USE_QXP_NETLIST OFF -entity "lab6-3" -section_id Top was ignored
    Warning (20014): Assignment for entity set_global_assignment -name PARTITION_COLOR 16764057 -entity "lab6-3" -section_id Top was ignored
    Warning (20014): Assignment for entity set_global_assignment -name PARTITION_IMPORT_ASSIGNMENTS ON -entity "lab6-3" -section_id Top was ignored
    Warning (20014): Assignment for entity set_global_assignment -name PARTITION_IMPORT_EXISTING_ASSIGNMENTS REPLACE_CONFLICTING -entity "lab6-3" -section_id Top was ignored
    Warning (20014): Assignment for entity set_global_assignment -name PARTITION_IMPORT_EXISTING_LOGICLOCK_REGIONS UPDATE_CONFLICTING -entity "lab6-3" -section_id Top was ignored
    Warning (20014): Assignment for entity set_global_assignment -name PARTITION_IMPORT_PIN_ASSIGNMENTS ON -entity "lab6-3" -section_id Top was ignored
    Warning (20014): Assignment for entity set_global_assignment -name PARTITION_IMPORT_PROMOTE_ASSIGNMENTS ON -entity "lab6-3" -section_id Top was ignored
    Warning (20014): Assignment for entity set_global_assignment -name PARTITION_TYPE STANDARD_PARTITION -entity "lab6-3" -section_id Top was ignored
    Warning (20014): Assignment for entity set_global_assignment -name ALLOW_MULTIPLE_PERSONAS OFF -entity "lab6-3" -section_id Top was ignored
    Warning (20014): Assignment for entity set_global_assignment -name PARTITION_ASD_REGION_ID 1 -entity "lab6-3" -section_id Top was ignored
    Warning (20014): Assignment for entity set_global_assignment -name CROSS_BOUNDARY_OPTIMIZATIONS OFF -entity "lab6-3" -section_id Top was ignored
    Warning (20014): Assignment for entity set_global_assignment -name PROPAGATE_CONSTANTS_ON_INPUTS ON -entity "lab6-3" -section_id Top was ignored
    Warning (20014): Assignment for entity set_global_assignment -name PROPAGATE_INVERSIONS_ON_INPUTS ON -entity "lab6-3" -section_id Top was ignored
    Warning (20014): Assignment for entity set_global_assignment -name REMOVE_LOGIC_ON_UNCONNECTED_OUTPUTS ON -entity "lab6-3" -section_id Top was ignored
    Warning (20014): Assignment for entity set_global_assignment -name MERGE_EQUIVALENT_INPUTS ON -entity "lab6-3" -section_id Top was ignored
    Warning (20014): Assignment for entity set_global_assignment -name MERGE_EQUIVALENT_BIDIRS ON -entity "lab6-3" -section_id Top was ignored
    Warning (20014): Assignment for entity set_global_assignment -name ABSORB_PATHS_FROM_OUTPUTS_TO_INPUTS ON -entity "lab6-3" -section_id Top was ignored
    Warning (20014): Assignment for entity set_global_assignment -name PARTITION_EXTRACT_HARD_BLOCK_NODES ON -entity "lab6-3" -section_id Top was ignored
Info (16010): Generating hard_block partition "hard_block:auto_generated_inst"
    Info (16011): Adding 0 node(s), including 0 DDIO, 0 PLL, 0 transceiver and 0 LCELL
Info (21057): Implemented 119 device resources after synthesis - the final resource count might be different
    Info (21058): Implemented 3 input pins
    Info (21059): Implemented 63 output pins
    Info (21061): Implemented 53 logic cells
Info: Quartus II 32-bit Analysis & Synthesis was successful. 0 errors, 47 warnings
    Info: Peak virtual memory: 359 megabytes
    Info: Processing ended: Mon Dec  2 15:45:58 2024
    Info: Elapsed time: 00:00:05
    Info: Total CPU time (on all processors): 00:00:02


